<?xml version="1.0" encoding="UTF-8"?>
<!-- Generated by org.testng.reporters.JUnitReportReporter -->
<testsuite hostname="LAPTOP-7ON1HGJ6" failures="0" tests="1" name="CBApp.Notification" time="15.021" errors="0" timestamp="2021-10-28T11:16:37 IST" skipped="0">
  <testcase classname="CBApp.Notification" name="setting" time="15.021"/>
  <system-out/>
</testsuite> <!-- CBApp.Notification -->
