<?xml version="1.0" encoding="UTF-8"?>
<!-- Generated by org.testng.reporters.JUnitReportReporter -->
<testsuite hostname="LAPTOP-7ON1HGJ6" failures="0" tests="1" name="CBApp.ForgetPassword" time="12.004" errors="0" timestamp="2021-10-19T17:11:33 IST" skipped="0">
  <testcase classname="CBApp.ForgetPassword" name="actionCTA" time="12.004"/>
  <system-out/>
</testsuite> <!-- CBApp.ForgetPassword -->
