<?xml version="1.0" encoding="UTF-8"?>
<!-- Generated by org.testng.reporters.JUnitReportReporter -->
<testsuite hostname="LAPTOP-7ON1HGJ6" failures="0" tests="9" name="CBApp.Setting" time="18.706" errors="0" timestamp="2021-10-28T11:16:37 IST" skipped="0">
  <testcase classname="CBApp.Setting" name="help" time="0.686"/>
  <system-out/>
  <testcase classname="CBApp.Setting" name="plans" time="0.557"/>
  <system-out/>
  <testcase classname="CBApp.Setting" name="privacy" time="1.071"/>
  <system-out/>
  <testcase classname="CBApp.Setting" name="account" time="0.272"/>
  <system-out/>
  <testcase classname="CBApp.Setting" name="notification" time="0.695"/>
  <system-out/>
  <testcase classname="CBApp.Setting" name="feedback" time="0.591"/>
  <system-out/>
  <testcase classname="CBApp.Setting" name="rAndE" time="0.260"/>
  <system-out/>
  <testcase classname="CBApp.Setting" name="about" time="0.208"/>
  <system-out/>
  <testcase classname="CBApp.Setting" name="setting" time="14.366"/>
  <system-out/>
</testsuite> <!-- CBApp.Setting -->
